[debug] [2024-02-13T18:47:13.460Z] ----------------------------------------------------------------------
[debug] [2024-02-13T18:47:13.461Z] Command:       /Users/marcomilanta/.nvm/versions/node/v18.12.1/bin/node /Users/marcomilanta/.nvm/versions/node/v18.12.1/bin/firebase init
[debug] [2024-02-13T18:47:13.461Z] CLI Version:   13.2.1
[debug] [2024-02-13T18:47:13.462Z] Platform:      darwin
[debug] [2024-02-13T18:47:13.462Z] Node Version:  v18.12.1
[debug] [2024-02-13T18:47:13.463Z] Time:          Tue Feb 13 2024 19:47:13 GMT+0100 (Central European Standard Time)
[debug] [2024-02-13T18:47:13.463Z] ----------------------------------------------------------------------
[debug] 
[debug] [2024-02-13T18:47:13.502Z] > command requires scopes: ["email","openid","https://www.googleapis.com/auth/cloudplatformprojects.readonly","https://www.googleapis.com/auth/firebase","https://www.googleapis.com/auth/cloud-platform"]
[debug] [2024-02-13T18:47:13.502Z] > authorizing via signed-in user (marco.milanta@gmail.com)
[info] 
     ######## #### ########  ######## ########     ###     ######  ########
     ##        ##  ##     ## ##       ##     ##  ##   ##  ##       ##
     ######    ##  ########  ######   ########  #########  ######  ######
     ##        ##  ##    ##  ##       ##     ## ##     ##       ## ##
     ##       #### ##     ## ######## ########  ##     ##  ######  ########

You're about to initialize a Firebase project in this directory:

  /Users/marcomilanta/Documents/personal/windorder/windorderapp

Before we get started, keep in mind:

  * You are initializing within an existing Firebase project directory

[info] 
=== Project Setup
[info] 
[info] First, let's associate this project directory with a Firebase project.
[info] You can create multiple project aliases by running firebase use --add, 
[info] but for now we'll just set up a default project.
[info] 
[debug] [2024-02-13T18:47:16.553Z] Using project from CLI flag: windorder-39a3d
[debug] [2024-02-13T18:47:16.555Z] >>> [apiv2][query] GET https://firebase.googleapis.com/v1beta1/projects/windorder-39a3d [none]
[debug] [2024-02-13T18:47:16.927Z] <<< [apiv2][status] GET https://firebase.googleapis.com/v1beta1/projects/windorder-39a3d 200
[debug] [2024-02-13T18:47:16.928Z] <<< [apiv2][body] GET https://firebase.googleapis.com/v1beta1/projects/windorder-39a3d {"projectId":"windorder-39a3d","projectNumber":"718523461230","displayName":"windorder","name":"projects/windorder-39a3d","resources":{"hostingSite":"windorder-39a3d"},"state":"ACTIVE","etag":"1_16cade1b-5bf6-4622-8c40-4c0d664c7f87"}
[info] i  Using project windorder-39a3d (windorder) 
[info] 
=== Hosting:github Setup
[info] 
[info] i  Detected a .git folder at /Users/marcomilanta/Documents/personal/windorder 
[info] i  Authorizing with GitHub to upload your service account to a GitHub repository's secrets store. 
[info] 
[info] Visit this URL on this device to log in:
[info] https://github.com/login/oauth/authorize?client_id=89cf50f02ac6aaed3484&state=810618552&redirect_uri=http%3A%2F%2Flocalhost%3A9005&scope=read%3Auser%20repo%20public_repo
[info] 
[info] Waiting for authentication...
[debug] [2024-02-13T18:47:44.771Z] >>> [apiv2][query] POST https://github.com/login/oauth/access_token [none]
[debug] [2024-02-13T18:47:44.772Z] >>> [apiv2][body] POST https://github.com/login/oauth/access_token [stream]
[debug] [2024-02-13T18:47:45.044Z] <<< [apiv2][status] POST https://github.com/login/oauth/access_token 200
[debug] [2024-02-13T18:47:45.044Z] <<< [apiv2][body] POST https://github.com/login/oauth/access_token {"access_token":"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","token_type":"bearer","scope":"read:user,repo"}
[debug] [2024-02-13T18:47:45.057Z] >>> [apiv2][query] GET https://api.github.com/user [none]
[debug] [2024-02-13T18:47:45.595Z] <<< [apiv2][status] GET https://api.github.com/user 200
[debug] [2024-02-13T18:47:45.596Z] <<< [apiv2][body] GET https://api.github.com/user {"login":"mmilanta","id":72441376,"node_id":"MDQ6VXNlcjcyNDQxMzc2","avatar_url":"https://avatars.githubusercontent.com/u/72441376?v=4","gravatar_id":"","url":"https://api.github.com/users/mmilanta","html_url":"https://github.com/mmilanta","followers_url":"https://api.github.com/users/mmilanta/followers","following_url":"https://api.github.com/users/mmilanta/following{/other_user}","gists_url":"https://api.github.com/users/mmilanta/gists{/gist_id}","starred_url":"https://api.github.com/users/mmilanta/starred{/owner}{/repo}","subscriptions_url":"https://api.github.com/users/mmilanta/subscriptions","organizations_url":"https://api.github.com/users/mmilanta/orgs","repos_url":"https://api.github.com/users/mmilanta/repos","events_url":"https://api.github.com/users/mmilanta/events{/privacy}","received_events_url":"https://api.github.com/users/mmilanta/received_events","type":"User","site_admin":false,"name":"Marco Milanta","company":null,"blog":"mmilanta.github.io","location":null,"email":null,"hireable":null,"bio":null,"twitter_username":null,"public_repos":8,"public_gists":0,"followers":4,"following":3,"created_at":"2020-10-06T09:36:08Z","updated_at":"2024-02-10T16:33:38Z","private_gists":0,"total_private_repos":5,"owned_private_repos":5,"disk_usage":335915,"collaborators":3,"two_factor_authentication":false,"plan":{"name":"free","space":976562499,"collaborators":0,"private_repos":10000}}
[info] 
[info] ✔  Success! Logged into GitHub as mmilanta 
[info] 
